<?xml version="1.0" encoding="UTF-8"?>
<!-- Generated by org.testng.reporters.JUnitXMLReporter -->
<testsuite hostname="ShivkarAmit" ignored="2" name="Default test" tests="3" failures="0" timestamp="21 Jul 2018 11:50:30 GMT" time="98.111" errors="0">
  <testcase name="validateCreateNewConatct" time="3.883" classname="com.crm.qa.testcases.ContactsPageTest"/>
  <testcase name="validateCreateNewConatct" time="4.443" classname="com.crm.qa.testcases.ContactsPageTest"/>
  <testcase name="validateCreateNewConatct" time="3.967" classname="com.crm.qa.testcases.ContactsPageTest"/>
  <testcase name="verifyContactsPageLabelTest" time="0.0" classname="com.crm.qa.testcases.ContactsPageTest">
    <ignored/>
  </testcase> <!-- verifyContactsPageLabelTest -->
  <testcase name="selectContactsByNameTest" time="0.0" classname="com.crm.qa.testcases.ContactsPageTest">
    <ignored/>
  </testcase> <!-- selectContactsByNameTest -->
</testsuite> <!-- Default test -->
