<?xml version="1.0" encoding="UTF-8"?>
<!-- Generated by org.testng.reporters.JUnitXMLReporter -->
<testsuite hostname="ShivkarAmit" ignored="0" name="Command line test" tests="11" failures="1" timestamp="23 Jul 2018 12:20:40 GMT" time="337.152" errors="0">
  <testcase name="verifyContactsPageLabelTest" time="0.106" classname="com.crm.qa.testcases.ContactsPageTest"/>
  <testcase name="verifyHomePageTitleTest" time="0.021" classname="com.crm.qa.testcases.HomePageTest">
    <failure type="java.lang.AssertionError" message="Home page title not matched expected [CRMPRO] but found [Free CRM software in the cloud powers sales and customer service]">
      <![CDATA[java.lang.AssertionError: Home page title not matched expected [CRMPRO] but found [Free CRM software in the cloud powers sales and customer service]
at com.crm.qa.testcases.HomePageTest.verifyHomePageTitleTest(HomePageTest.java:44)
... Removed 40 stack frames]]>
    </failure>
  </testcase> <!-- verifyHomePageTitleTest -->
  <testcase name="loginPageTitleTest" time="0.019" classname="com.crm.qa.testcases.LoginPageTest"/>
  <testcase name="selectContactsByNameTest" time="0.46" classname="com.crm.qa.testcases.ContactsPageTest"/>
  <testcase name="verifyCorrectUserNameTest" time="2.671" classname="com.crm.qa.testcases.HomePageTest"/>
  <testcase name="crmLogoImageTest" time="0.126" classname="com.crm.qa.testcases.LoginPageTest"/>
  <testcase name="validateCreateNewConatct" time="6.792" classname="com.crm.qa.testcases.ContactsPageTest"/>
  <testcase name="validateCreateNewConatct" time="4.566" classname="com.crm.qa.testcases.ContactsPageTest"/>
  <testcase name="validateCreateNewConatct" time="4.279" classname="com.crm.qa.testcases.ContactsPageTest"/>
  <testcase name="verifyContactsLinkTest" time="5.997" classname="com.crm.qa.testcases.HomePageTest"/>
  <testcase name="logintest" time="0.457" classname="com.crm.qa.testcases.LoginPageTest"/>
</testsuite> <!-- Command line test -->
