<?xml version="1.0" encoding="UTF-8" ?>
<testsuite tests="11" failures="1" name="TestSuite" time="25.502" errors="0" skipped="0">
  <properties>
[...]
</properties>
  <testcase classname="com.crm.qa.testcases.ContactsPageTest" name="verifyContactsPageLabelTest" time="0.107"/>
  <testcase classname="com.crm.qa.testcases.HomePageTest" name="verifyHomePageTitleTest" time="0.029">
    <failure message="Home page title not matched expected [CRMPRO] but found [Free CRM software in the cloud powers sales and customer service]" type="java.lang.AssertionError">java.lang.AssertionError: Home page title not matched expected [CRMPRO] but found [Free CRM software in the cloud powers sales and customer service]
	at org.testng.Assert.fail(Assert.java:96)
	at org.testng.Assert.failNotEquals(Assert.java:776)
	at org.testng.Assert.assertEqualsImpl(Assert.java:137)
	at org.testng.Assert.assertEquals(Assert.java:118)
	at org.testng.Assert.assertEquals(Assert.java:453)
	at com.crm.qa.testcases.HomePageTest.verifyHomePageTitleTest(HomePageTest.java:44)
</failure>
    <system-out>Before navigating to: &apos;https://www.freecrm.com/index.html&apos;
Navigated to:&apos;https://www.freecrm.com/index.html&apos;
Trying to find Element By : By.name: username
Found Element By : By.name: username
Trying to find Element By : By.name: password
Found Element By : By.name: password
Trying to find Element By : By.xpath: //input[@type=&apos;submit&apos;]
Found Element By : By.xpath: //input[@type=&apos;submit&apos;]
</system-out>
    <system-err>[Child 6876, Chrome_ChildThread] WARNING: pipe error: 109: file z:/build/build/src/ipc/chromium/src/chrome/common/ipc_channel_win.cc, line 346
[Child 6876, Chro1532348134824	geckodriver	INFO	geckodriver 0.19.1 (0000000000000000000000000000000000000000 2017-10-31)
1532348134832	geckodriver	INFO	Listening on 127.0.0.1:34530
1532348135526	mozrunner::runner	INFO	Running command: &quot;C:\\Program Files\\Mozilla Firefox\\firefox.exe&quot; &quot;-marionette&quot; &quot;-profile&quot; &quot;C:\\Users\\AMITAT~1\\AppData\\Local\\Temp\\rust_mozprofile.fk6LEE362mbb&quot;
Unable to read VR Path Registry from C:\Users\amitatiocl\AppData\Local\openvr\openvrpaths.vrpath
Unable to read VR Path Registry from C:\Users\amitatiocl\AppData\Local\openvr\openvrpaths.vrpath
Unable to read VR Path Registry from C:\Users\amitatiocl\AppData\Local\openvr\openvrpaths.vrpath
Unable to read VR Path Registry from C:\Users\amitatiocl\AppData\Local\openvr\openvrpaths.vrpath
Unable to read VR Path Registry from C:\Users\amitatiocl\AppData\Local\openvr\openvrpaths.vrpath
console.error: &quot;Could not write session state file &quot; (new Error(&quot;_initWorker called too early! Please read the session file from disk first.&quot;, &quot;resource:///modules/sessionstore/SessionFile.jsm&quot;, 335)) &quot;_initWorker/&lt;@resource:///modules/sessionstore/SessionFile.jsm:335:15\n_initWorker@resource:///modules/sessionstore/SessionFile.jsm:328:12\n_postToWorker@resource:///modules/sessionstore/SessionFile.jsm:352:11\nwrite@resource:///modules/sessionstore/SessionFile.jsm:392:19\nwrite@resource:///modules/sessionstore/SessionFile.jsm:64:12\n_writeState@resource:///modules/sessionstore/SessionSaver.jsm:357:12\n_saveState@resource:///modules/sessionstore/SessionSaver.jsm:295:12\n_saveStateAsync@resource:///modules/sessionstore/SessionSaver.jsm:341:5\nsaveStateAsyncWhenIdle@resource:///modules/sessionstore/SessionSaver.jsm:192:9\n&quot;
1532348145007	Marionette	INFO	Listening on port 50784
1532348146379	Marionette	WARN	TLS certificate errors will be ignored for this session
Jul 23, 2018 5:45:46 PM org.openqa.selenium.remote.ProtocolHandshake createSession
INFO: Detected dialect: W3C
</system-err>
  </testcase>
  <testcase classname="com.crm.qa.testcases.LoginPageTest" name="loginPageTitleTest" time="0.02"/>
  <testcase classname="com.crm.qa.testcases.ContactsPageTest" name="selectContactsByNameTest" time="0.46"/>
  <testcase classname="com.crm.qa.testcases.HomePageTest" name="verifyCorrectUserNameTest" time="2.667"/>
  <testcase classname="com.crm.qa.testcases.LoginPageTest" name="crmLogoImageTest" time="0.126"/>
  <testcase classname="com.crm.qa.testcases.ContactsPageTest" name="validateCreateNewConatct" time="6.793"/>
  <testcase classname="com.crm.qa.testcases.ContactsPageTest" name="validateCreateNewConatct" time="4.567"/>
  <testcase classname="com.crm.qa.testcases.ContactsPageTest" name="validateCreateNewConatct" time="4.279"/>
  <testcase classname="com.crm.qa.testcases.HomePageTest" name="verifyContactsLinkTest" time="5.997"/>
  <testcase classname="com.crm.qa.testcases.LoginPageTest" name="logintest" time="0.457"/>
</testsuite>